<?xml version="1.0" encoding="UTF-8"?>
<testsuite name="CommandTest" tests="3" skipped="0" failures="0" errors="0" timestamp="2021-10-04T11:35:31" hostname="Andreass-MacBook-Pro.local" time="0.005">
  <properties/>
  <testcase name="getNext()" classname="CommandTest" time="0.002"/>
  <testcase name="originalCommand()" classname="CommandTest" time="0.001"/>
  <testcase name="hasNext()" classname="CommandTest" time="0.001"/>
  <system-out><![CDATA[]]></system-out>
  <system-err><![CDATA[]]></system-err>
</testsuite>
