<?xml version="1.0" encoding="UTF-8"?>
<testsuite name="io.lord.world.items.ItemTest" tests="2" skipped="0" failures="0" errors="0" timestamp="2021-10-04T11:35:31" hostname="Andreass-MacBook-Pro.local" time="0.002">
  <properties/>
  <testcase name="testIsAMatchShouldResultFalse()" classname="io.lord.world.items.ItemTest" time="0.001"/>
  <testcase name="testIsAMatchShouldResultTrue()" classname="io.lord.world.items.ItemTest" time="0.001"/>
  <system-out><![CDATA[]]></system-out>
  <system-err><![CDATA[]]></system-err>
</testsuite>
