<?xml version="1.0" encoding="UTF-8"?>
<testsuite name="io.lord.world.WorldTest" tests="3" skipped="0" failures="0" errors="0" timestamp="2021-10-04T11:35:31" hostname="Andreass-MacBook-Pro.local" time="0.051">
  <properties/>
  <testcase name="testGoBetweenTwoRooms()" classname="io.lord.world.WorldTest" time="0.047"/>
  <testcase name="testGoBetweenTwoRoomsWithLockedDoorThenUnlockDoor()" classname="io.lord.world.WorldTest" time="0.001"/>
  <testcase name="testGoBetweenTwoRoomsWithLockedDoor()" classname="io.lord.world.WorldTest" time="0.002"/>
  <system-out><![CDATA[]]></system-out>
  <system-err><![CDATA[]]></system-err>
</testsuite>
